#
# There is insufficient memory for the Java Runtime Environment to continue.
# Native memory allocation (mmap) failed to map 49283072 bytes for committing reserved memory.
# Possible reasons:
#   The system is out of physical RAM or swap space
#   In 32 bit mode, the process size limit was hit
# Possible solutions:
#   Reduce memory load on the system
#   Increase physical memory or swap space
#   Check if swap backing store is full
#   Use 64 bit Java on a 64 bit OS
#   Decrease Java heap size (-Xmx/-Xms)
#   Decrease number of Java threads
#   Decrease Java thread stack sizes (-Xss)
#   Set larger code cache with -XX:ReservedCodeCacheSize=
# This output file may be truncated or incomplete.
#
#  Out of Memory Error (os_linux.cpp:2640), pid=7092, tid=0x00007f04541cf700
#
# JRE version: Java(TM) SE Runtime Environment (8.0_151-b12) (build 1.8.0_151-b12)
# Java VM: Java HotSpot(TM) 64-Bit Server VM (25.151-b12 mixed mode linux-amd64 compressed oops)
# Failed to write core dump. Core dumps have been disabled. To enable core dumping, try "ulimit -c unlimited" before starting Java again
#

---------------  T H R E A D  ---------------

Current thread (0x00007f045007a800):  VMThread [stack: 0x00007f04540cf000,0x00007f04541d0000] [id=7101]

Stack: [0x00007f04540cf000,0x00007f04541d0000],  sp=0x00007f04541ce320,  free space=1020k
Native frames: (J=compiled Java code, j=interpreted, Vv=VM code, C=native code)
V  [libjvm.so+0xacb58a]  VMError::report_and_die()+0x2ba
V  [libjvm.so+0x4ff4ab]  report_vm_out_of_memory(char const*, int, unsigned long, VMErrorType, char const*)+0x8b
V  [libjvm.so+0x928113]  os::Linux::commit_memory_impl(char*, unsigned long, bool)+0x103
V  [libjvm.so+0x928669]  os::pd_commit_memory(char*, unsigned long, unsigned long, bool)+0x29
V  [libjvm.so+0x92288a]  os::commit_memory(char*, unsigned long, unsigned long, bool)+0x2a
V  [libjvm.so+0x9973e3]  PSVirtualSpace::expand_by(unsigned long)+0x53
V  [libjvm.so+0x9987e8]  PSYoungGen::resize_generation(unsigned long, unsigned long)+0xf8
V  [libjvm.so+0x997942]  PSYoungGen::resize(unsigned long, unsigned long)+0x22
V  [libjvm.so+0x994c1b]  PSScavenge::invoke_no_policy()+0xf3b
V  [libjvm.so+0x9953a1]  PSScavenge::invoke()+0x41
V  [libjvm.so+0x94c0d0]  ParallelScavengeHeap::failed_mem_allocate(unsigned long)+0x70
V  [libjvm.so+0xaccfa7]  VM_ParallelGCFailedAllocation::doit()+0x97
V  [libjvm.so+0xad4a85]  VM_Operation::evaluate()+0x55
V  [libjvm.so+0xad2e5a]  VMThread::evaluate_operation(VM_Operation*)+0xba
V  [libjvm.so+0xad31de]  VMThread::loop()+0x1ce
V  [libjvm.so+0xad3650]  VMThread::run()+0x70
V  [libjvm.so+0x92a728]  java_start(Thread*)+0x108

VM_Operation (0x00007f0404cf8910): ParallelGCFailedAllocation, mode: safepoint, requested by thread 0x00007f04507d6800


---------------  P R O C E S S  ---------------

Java Threads: ( => current thread )
  0x00007f03f8070000 JavaThread "Okio Watchdog" daemon [_thread_blocked, id=7129, stack(0x00007f04047fb000,0x00007f04048fc000)]
  0x00007f03f806d800 JavaThread "OkHttp ConnectionPool" daemon [_thread_blocked, id=7128, stack(0x00007f04048fc000,0x00007f04049fd000)]
  0x00007f045000c800 JavaThread "DestroyJavaVM" [_thread_blocked, id=7096, stack(0x00007f04599f6000,0x00007f0459af7000)]
  0x00007f04507d6800 JavaThread "WalletToken Telegram Executor" [_thread_blocked, id=7113, stack(0x00007f0404bfd000,0x00007f0404cfe000)]
  0x00007f04507d5800 JavaThread "WalletToken Telegram Connection" [_thread_in_native, id=7112, stack(0x00007f0404cfe000,0x00007f0404dff000)]
  0x00007f04500c3000 JavaThread "Service Thread" daemon [_thread_blocked, id=7108, stack(0x00007f043d7af000,0x00007f043d8b0000)]
  0x00007f04500c0000 JavaThread "C1 CompilerThread2" daemon [_thread_blocked, id=7107, stack(0x00007f043d8b0000,0x00007f043d9b1000)]
  0x00007f04500be000 JavaThread "C2 CompilerThread1" daemon [_thread_blocked, id=7106, stack(0x00007f043d9b1000,0x00007f043dab2000)]
  0x00007f04500bb000 JavaThread "C2 CompilerThread0" daemon [_thread_blocked, id=7105, stack(0x00007f043dab2000,0x00007f043dbb3000)]
  0x00007f04500ba000 JavaThread "Signal Dispatcher" daemon [_thread_blocked, id=7104, stack(0x00007f043dbb3000,0x00007f043dcb4000)]
  0x00007f0450086800 JavaThread "Finalizer" daemon [_thread_blocked, id=7103, stack(0x00007f043e0be000,0x00007f043e1bf000)]
  0x00007f0450082000 JavaThread "Reference Handler" daemon [_thread_blocked, id=7102, stack(0x00007f043e1bf000,0x00007f043e2c0000)]

Other Threads:
=>0x00007f045007a800 VMThread [stack: 0x00007f04540cf000,0x00007f04541d0000] [id=7101]
  0x00007f04500c5800 WatcherThread [stack: 0x00007f043d6ae000,0x00007f043d7af000] [id=7109]

VM state:at safepoint (normal execution)

VM Mutex/Monitor currently owned by a thread:  ([mutex/lock_event])
[0x00007f0450008f50] Threads_lock - owner thread: 0x00007f045007a800
[0x00007f0450009450] Heap_lock - owner thread: 0x00007f04507d6800

Heap:
 PSYoungGen      total 51712K, used 3570K [0x00000000e1d80000, 0x00000000e5380000, 0x0000000100000000)
  eden space 48128K, 0% used [0x00000000e1d80000,0x00000000e1d80000,0x00000000e4c80000)
  from space 3584K, 99% used [0x00000000e4c80000,0x00000000e4ffc8c0,0x00000000e5000000)
  to   space 3584K, 0% used [0x00000000e5000000,0x00000000e5000000,0x00000000e5380000)
 ParOldGen       total 62976K, used 12231K [0x00000000a5800000, 0x00000000a9580000, 0x00000000e1d80000)
  object space 62976K, 19% used [0x00000000a5800000,0x00000000a63f1e78,0x00000000a9580000)
 Metaspace       used 19479K, capacity 19732K, committed 20096K, reserved 1067008K
  class space    used 2268K, capacity 2362K, committed 2432K, reserved 1048576K

Card table byte_map: [0x00007f04564bc000,0x00007f0456791000] byte_map_base: 0x00007f0455f90000

Marking Bits: (ParMarkBitMap*) 0x00007f0458ec2f80
 Begin Bits: [0x00007f043e2c0000, 0x00007f043f960000)
 End Bits:   [0x00007f043f960000, 0x00007f0441000000)

Polling page: 0x00007f0459b13000

CodeCache: size=245760Kb used=5473Kb max_used=5480Kb free=240286Kb
 bounds [0x00007f0441000000, 0x00007f0441570000, 0x00007f0450000000]
 total_blobs=1979 nmethods=1559 adapters=332
 compilation: enabled

Compilation events (10 events):
Event: 38,082 Thread 0x00007f04500c0000 nmethod 1590 0x00007f0441557510 code [0x00007f04415576c0, 0x00007f0441557b88]
Event: 38,176 Thread 0x00007f04500c0000 1591       3       java.util.Base64$Decoder::decode (35 bytes)
Event: 38,201 Thread 0x00007f04500c0000 nmethod 1591 0x00007f0441559710 code [0x00007f04415598c0, 0x00007f0441559e08]
Event: 38,300 Thread 0x00007f04500c0000 1592       3       java.util.jar.JarVerifier::mapSignersToCertArray (57 bytes)
Event: 38,325 Thread 0x00007f04500c0000 nmethod 1592 0x00007f044155a010 code [0x00007f044155a1e0, 0x00007f044155a988]
Event: 38,378 Thread 0x00007f04500bb000 1593       4       java.lang.String::concat (47 bytes)
Event: 38,425 Thread 0x00007f04500c0000 1594       3       java.nio.charset.CharsetEncoder::replaceWith (89 bytes)
Event: 38,433 Thread 0x00007f04500c0000 nmethod 1594 0x00007f044155ac90 code [0x00007f044155aea0, 0x00007f044155b7c8]
Event: 38,468 Thread 0x00007f04500c0000 1596   !   3       java.security.Security::getSpiClass (72 bytes)
Event: 38,471 Thread 0x00007f04500c0000 nmethod 1596 0x00007f044155bb10 code [0x00007f044155bd80, 0x00007f044155cc28]

GC Heap History (5 events):
Event: 3,308 GC heap before
{Heap before GC invocations=1 (full 0):
 PSYoungGen      total 27648K, used 24064K [0x00000000e1d80000, 0x00000000e3c00000, 0x0000000100000000)
  eden space 24064K, 100% used [0x00000000e1d80000,0x00000000e3500000,0x00000000e3500000)
  from space 3584K, 0% used [0x00000000e3880000,0x00000000e3880000,0x00000000e3c00000)
  to   space 3584K, 0% used [0x00000000e3500000,0x00000000e3500000,0x00000000e3880000)
 ParOldGen       total 62976K, used 0K [0x00000000a5800000, 0x00000000a9580000, 0x00000000e1d80000)
  object space 62976K, 0% used [0x00000000a5800000,0x00000000a5800000,0x00000000a9580000)
 Metaspace       used 8671K, capacity 8748K, committed 9088K, reserved 1056768K
  class space    used 1009K, capacity 1040K, committed 1152K, reserved 1048576K
Event: 3,352 GC heap after
Heap after GC invocations=1 (full 0):
 PSYoungGen      total 27648K, used 3579K [0x00000000e1d80000, 0x00000000e5380000, 0x0000000100000000)
  eden space 24064K, 0% used [0x00000000e1d80000,0x00000000e1d80000,0x00000000e3500000)
  from space 3584K, 99% used [0x00000000e3500000,0x00000000e387ece8,0x00000000e3880000)
  to   space 3584K, 0% used [0x00000000e5000000,0x00000000e5000000,0x00000000e5380000)
 ParOldGen       total 62976K, used 1910K [0x00000000a5800000, 0x00000000a9580000, 0x00000000e1d80000)
  object space 62976K, 3% used [0x00000000a5800000,0x00000000a59ddbe8,0x00000000a9580000)
 Metaspace       used 8671K, capacity 8748K, committed 9088K, reserved 1056768K
  class space    used 1009K, capacity 1040K, committed 1152K, reserved 1048576K
}
Event: 6,993 GC heap before
{Heap before GC invocations=2 (full 0):
 PSYoungGen      total 27648K, used 27643K [0x00000000e1d80000, 0x00000000e5380000, 0x0000000100000000)
  eden space 24064K, 100% used [0x00000000e1d80000,0x00000000e3500000,0x00000000e3500000)
  from space 3584K, 99% used [0x00000000e3500000,0x00000000e387ece8,0x00000000e3880000)
  to   space 3584K, 0% used [0x00000000e5000000,0x00000000e5000000,0x00000000e5380000)
 ParOldGen       total 62976K, used 1910K [0x00000000a5800000, 0x00000000a9580000, 0x00000000e1d80000)
  object space 62976K, 3% used [0x00000000a5800000,0x00000000a59ddbe8,0x00000000a9580000)
 Metaspace       used 14413K, capacity 14592K, committed 14848K, reserved 1062912K
  class space    used 1682K, capacity 1766K, committed 1792K, reserved 1048576K
Event: 7,056 GC heap after
Heap after GC invocations=2 (full 0):
 PSYoungGen      total 51712K, used 3568K [0x00000000e1d80000, 0x00000000e5380000, 0x0000000100000000)
  eden space 48128K, 0% used [0x00000000e1d80000,0x00000000e1d80000,0x00000000e4c80000)
  from space 3584K, 99% used [0x00000000e5000000,0x00000000e537c020,0x00000000e5380000)
  to   space 3584K, 0% used [0x00000000e4c80000,0x00000000e4c80000,0x00000000e5000000)
 ParOldGen       total 62976K, used 4680K [0x00000000a5800000, 0x00000000a9580000, 0x00000000e1d80000)
  object space 62976K, 7% used [0x00000000a5800000,0x00000000a5c92070,0x00000000a9580000)
 Metaspace       used 14413K, capacity 14592K, committed 14848K, reserved 1062912K
  class space    used 1682K, capacity 1766K, committed 1792K, reserved 1048576K
}
Event: 38,497 GC heap before
{Heap before GC invocations=3 (full 0):
 PSYoungGen      total 51712K, used 51696K [0x00000000e1d80000, 0x00000000e5380000, 0x0000000100000000)
  eden space 48128K, 100% used [0x00000000e1d80000,0x00000000e4c80000,0x00000000e4c80000)
  from space 3584K, 99% used [0x00000000e5000000,0x00000000e537c020,0x00000000e5380000)
  to   space 3584K, 0% used [0x00000000e4c80000,0x00000000e4c80000,0x00000000e5000000)
 ParOldGen       total 62976K, used 4680K [0x00000000a5800000, 0x00000000a9580000, 0x00000000e1d80000)
  object space 62976K, 7% used [0x00000000a5800000,0x00000000a5c92070,0x00000000a9580000)
 Metaspace       used 19479K, capacity 19732K, committed 20096K, reserved 1067008K
  class space    used 2268K, capacity 2362K, committed 2432K, reserved 1048576K

Deoptimization events (10 events):
Event: 9,619 Thread 0x00007f045000c800 Uncommon trap: reason=unstable_if action=reinterpret pc=0x00007f04413fbd54 method=java.util.concurrent.ConcurrentHashMap.addCount(JI)V @ 121
Event: 9,772 Thread 0x00007f04507d5800 Uncommon trap: reason=unstable_if action=reinterpret pc=0x00007f0441223528 method=java.util.HashMap.getNode(ILjava/lang/Object;)Ljava/util/HashMap$Node; @ 129
Event: 9,773 Thread 0x00007f04507d5800 Uncommon trap: reason=bimorphic action=maybe_recompile pc=0x00007f044140fed8 method=java.util.HashMap.putVal(ILjava/lang/Object;Ljava/lang/Object;ZZ)Ljava/lang/Object; @ 203
Event: 9,773 Thread 0x00007f04507d5800 Uncommon trap: reason=unstable_if action=reinterpret pc=0x00007f0441210664 method=java.util.HashMap.getNode(ILjava/lang/Object;)Ljava/util/HashMap$Node; @ 129
Event: 9,797 Thread 0x00007f04507d5800 Uncommon trap: reason=bimorphic action=maybe_recompile pc=0x00007f044140fed8 method=java.util.HashMap.putVal(ILjava/lang/Object;Ljava/lang/Object;ZZ)Ljava/lang/Object; @ 203
Event: 9,946 Thread 0x00007f04507d5800 Uncommon trap: reason=bimorphic action=maybe_recompile pc=0x00007f044140fed8 method=java.util.HashMap.putVal(ILjava/lang/Object;Ljava/lang/Object;ZZ)Ljava/lang/Object; @ 203
Event: 36,317 Thread 0x00007f04507d6800 Uncommon trap: reason=class_check action=maybe_recompile pc=0x00007f044130284c method=java.util.regex.Pattern$Curly.match(Ljava/util/regex/Matcher;ILjava/lang/CharSequence;)Z @ 19
Event: 36,319 Thread 0x00007f04507d6800 Uncommon trap: reason=class_check action=maybe_recompile pc=0x00007f044130284c method=java.util.regex.Pattern$Curly.match(Ljava/util/regex/Matcher;ILjava/lang/CharSequence;)Z @ 19
Event: 36,320 Thread 0x00007f04507d6800 Uncommon trap: reason=class_check action=maybe_recompile pc=0x00007f044130284c method=java.util.regex.Pattern$Curly.match(Ljava/util/regex/Matcher;ILjava/lang/CharSequence;)Z @ 19
Event: 36,326 Thread 0x00007f04507d6800 Uncommon trap: reason=class_check action=maybe_recompile pc=0x00007f044130284c method=java.util.regex.Pattern$Curly.match(Ljava/util/regex/Matcher;ILjava/lang/CharSequence;)Z @ 19

Internal exceptions (10 events):
Event: 3,182 Thread 0x00007f045000c800 Exception <a 'java/security/PrivilegedActionException'> (0x00000000e348a308) thrown at [/HUDSON/workspace/8-2-build-linux-amd64/jdk8u151/9699/hotspot/src/share/vm/prims/jvm.cpp, line 1390]
Event: 3,182 Thread 0x00007f045000c800 Exception <a 'java/security/PrivilegedActionException'> (0x00000000e348a700) thrown at [/HUDSON/workspace/8-2-build-linux-amd64/jdk8u151/9699/hotspot/src/share/vm/prims/jvm.cpp, line 1390]
Event: 3,183 Thread 0x00007f045000c800 Exception <a 'java/security/PrivilegedActionException'> (0x00000000e348cf38) thrown at [/HUDSON/workspace/8-2-build-linux-amd64/jdk8u151/9699/hotspot/src/share/vm/prims/jvm.cpp, line 1390]
Event: 3,183 Thread 0x00007f045000c800 Exception <a 'java/security/PrivilegedActionException'> (0x00000000e348d330) thrown at [/HUDSON/workspace/8-2-build-linux-amd64/jdk8u151/9699/hotspot/src/share/vm/prims/jvm.cpp, line 1390]
Event: 4,233 Thread 0x00007f045000c800 Exception <a 'java/lang/NoClassDefFoundError': org/apache/log4j/Priority> (0x00000000e28f4c90) thrown at [/HUDSON/workspace/8-2-build-linux-amd64/jdk8u151/9699/hotspot/src/share/vm/classfile/systemDictionary.cpp, line 199]
Event: 5,840 Thread 0x00007f045000c800 Exception <a 'java/lang/NoSuchFieldError': method resolution failed> (0x00000000e2c96068) thrown at [/HUDSON/workspace/8-2-build-linux-amd64/jdk8u151/9699/hotspot/src/share/vm/prims/methodHandles.cpp, line 1146]
Event: 5,859 Thread 0x00007f045000c800 Exception <a 'java/lang/NoSuchFieldError': method resolution failed> (0x00000000e2ca3728) thrown at [/HUDSON/workspace/8-2-build-linux-amd64/jdk8u151/9699/hotspot/src/share/vm/prims/methodHandles.cpp, line 1146]
Event: 36,153 Thread 0x00007f04507d5800 Exception <a 'java/lang/NoSuchMethodError': java.lang.Object.lambda$maxBy$1(Ljava/util/Comparator;Ljava/lang/Object;Ljava/lang/Object;)Ljava/lang/Object;> (0x00000000e3463460) thrown at [/HUDSON/workspace/8-2-build-linux-amd64/jdk8u151/9699/hotspot/src/sh
Event: 36,361 Thread 0x00007f04507d6800 Exception <a 'java/lang/NoClassDefFoundError': org/slf4j/impl/StaticLoggerBinder> (0x00000000e35d4050) thrown at [/HUDSON/workspace/8-2-build-linux-amd64/jdk8u151/9699/hotspot/src/share/vm/classfile/systemDictionary.cpp, line 199]
Event: 37,383 Thread 0x00007f04507d6800 Exception <a 'java/net/SocketTimeoutException': Read timed out> (0x00000000e3f4a3d8) thrown at [/HUDSON/workspace/8-2-build-linux-amd64/jdk8u151/9699/hotspot/src/share/vm/prims/jni.cpp, line 735]

Events (10 events):
Event: 38,468 loading class org/bouncycastle/math/ec/custom/sec/SecT131R1Curve done
Event: 38,469 loading class org/bouncycastle/math/ec/custom/sec/SecT131R2Curve
Event: 38,469 loading class org/bouncycastle/math/ec/custom/sec/SecT131R2Curve done
Event: 38,471 loading class org/bouncycastle/math/ec/custom/sec/SecT163K1Curve
Event: 38,471 loading class org/bouncycastle/math/ec/custom/sec/SecT163K1Curve done
Event: 38,472 loading class org/bouncycastle/math/ec/custom/sec/SecT163R1Curve
Event: 38,472 loading class org/bouncycastle/math/ec/custom/sec/SecT163R1Curve done
Event: 38,473 loading class org/bouncycastle/math/ec/custom/sec/SecT163R2Curve
Event: 38,473 loading class org/bouncycastle/math/ec/custom/sec/SecT163R2Curve done
Event: 38,486 Executing VM operation: ParallelGCFailedAllocation


Dynamic libraries:
00400000-00401000 r-xp 00000000 08:02 1981500                            /usr/lib/jvm/java-8-oracle/bin/java
00600000-00601000 rw-p 00000000 08:02 1981500                            /usr/lib/jvm/java-8-oracle/bin/java
01376000-01397000 rw-p 00000000 00:00 0                                  [heap]
a5800000-a9580000 rw-p 00000000 00:00 0 
a9580000-e1d80000 ---p 00000000 00:00 0 
e1d80000-e5380000 rw-p 00000000 00:00 0 
e8280000-100000000 ---p 00000000 00:00 0 
100000000-100260000 rw-p 00000000 00:00 0 
100260000-140000000 ---p 00000000 00:00 0 
7f03f0000000-7f03f0021000 rw-p 00000000 00:00 0 
7f03f0021000-7f03f4000000 ---p 00000000 00:00 0 
7f03f8000000-7f03f80af000 rw-p 00000000 00:00 0 
7f03f80af000-7f03fc000000 ---p 00000000 00:00 0 
7f03fc000000-7f03fc021000 rw-p 00000000 00:00 0 
7f03fc021000-7f0400000000 ---p 00000000 00:00 0 
7f0400000000-7f04000b7000 rw-p 00000000 00:00 0 
7f04000b7000-7f0404000000 ---p 00000000 00:00 0 
7f04047fb000-7f04047fe000 ---p 00000000 00:00 0 
7f04047fe000-7f04048fc000 rw-p 00000000 00:00 0 
7f04048fc000-7f04048ff000 ---p 00000000 00:00 0 
7f04048ff000-7f0404b3d000 rw-p 00000000 00:00 0 
7f0404b3d000-7f0404bfd000 ---p 00000000 00:00 0 
7f0404bfd000-7f0404c00000 ---p 00000000 00:00 0 
7f0404c00000-7f0404cfe000 rw-p 00000000 00:00 0 
7f0404cfe000-7f0404d01000 ---p 00000000 00:00 0 
7f0404d01000-7f0404fff000 rw-p 00000000 00:00 0 
7f0404fff000-7f0408000000 rw-p 00000000 00:00 0 
7f0408000000-7f0408021000 rw-p 00000000 00:00 0 
7f0408021000-7f040c000000 ---p 00000000 00:00 0 
7f040c000000-7f040c021000 rw-p 00000000 00:00 0 
7f040c021000-7f0410000000 ---p 00000000 00:00 0 
7f0410000000-7f041064b000 rw-p 00000000 00:00 0 
7f041064b000-7f0414000000 ---p 00000000 00:00 0 
7f0414000000-7f041444d000 rw-p 00000000 00:00 0 
7f041444d000-7f0418000000 ---p 00000000 00:00 0 
7f0418000000-7f0418021000 rw-p 00000000 00:00 0 
7f0418021000-7f041c000000 ---p 00000000 00:00 0 
7f041c000000-7f041c348000 rw-p 00000000 00:00 0 
7f041c348000-7f0420000000 ---p 00000000 00:00 0 
7f0420000000-7f0420021000 rw-p 00000000 00:00 0 
7f0420021000-7f0424000000 ---p 00000000 00:00 0 
7f0424000000-7f0424021000 rw-p 00000000 00:00 0 
7f0424021000-7f0428000000 ---p 00000000 00:00 0 
7f0428000000-7f0428021000 rw-p 00000000 00:00 0 
7f0428021000-7f042c000000 ---p 00000000 00:00 0 
7f042c000000-7f042c29a000 rw-p 00000000 00:00 0 
7f042c29a000-7f0430000000 ---p 00000000 00:00 0 
7f0430000000-7f0430021000 rw-p 00000000 00:00 0 
7f0430021000-7f0434000000 ---p 00000000 00:00 0 
7f0434000000-7f0434022000 rw-p 00000000 00:00 0 
7f0434022000-7f0438000000 ---p 00000000 00:00 0 
7f0438000000-7f0438021000 rw-p 00000000 00:00 0 
7f0438021000-7f043c000000 ---p 00000000 00:00 0 
7f043c0c7000-7f043c0f6000 r--p 00000000 08:02 2770832                    /usr/share/locale-langpack/ru/LC_MESSAGES/libc.mo
7f043c0f6000-7f043c10d000 r-xp 00000000 08:02 3282205                    /lib/x86_64-linux-gnu/libresolv-2.23.so
7f043c10d000-7f043c30d000 ---p 00017000 08:02 3282205                    /lib/x86_64-linux-gnu/libresolv-2.23.so
7f043c30d000-7f043c30e000 r--p 00017000 08:02 3282205                    /lib/x86_64-linux-gnu/libresolv-2.23.so
7f043c30e000-7f043c30f000 rw-p 00018000 08:02 3282205                    /lib/x86_64-linux-gnu/libresolv-2.23.so
7f043c30f000-7f043c311000 rw-p 00000000 00:00 0 
7f043c311000-7f043c316000 r-xp 00000000 08:02 3281827                    /lib/x86_64-linux-gnu/libnss_dns-2.23.so
7f043c316000-7f043c516000 ---p 00005000 08:02 3281827                    /lib/x86_64-linux-gnu/libnss_dns-2.23.so
7f043c516000-7f043c517000 r--p 00005000 08:02 3281827                    /lib/x86_64-linux-gnu/libnss_dns-2.23.so
7f043c517000-7f043c518000 rw-p 00006000 08:02 3281827                    /lib/x86_64-linux-gnu/libnss_dns-2.23.so
7f043c518000-7f043c51a000 r-xp 00000000 08:02 3281496                    /lib/x86_64-linux-gnu/libnss_mdns4_minimal.so.2
7f043c51a000-7f043c719000 ---p 00002000 08:02 3281496                    /lib/x86_64-linux-gnu/libnss_mdns4_minimal.so.2
7f043c719000-7f043c71a000 r--p 00001000 08:02 3281496                    /lib/x86_64-linux-gnu/libnss_mdns4_minimal.so.2
7f043c71a000-7f043c71b000 rw-p 00002000 08:02 3281496                    /lib/x86_64-linux-gnu/libnss_mdns4_minimal.so.2
7f043c721000-7f043c734000 r--s 00345000 08:02 136091                     /usr/lib/jvm/java-8-oracle/jre/lib/resources.jar
7f043c734000-7f043c934000 rw-p 00000000 00:00 0 
7f043c934000-7f043c94b000 r-xp 00000000 08:02 133176                     /usr/lib/jvm/java-8-oracle/jre/lib/amd64/libnet.so
7f043c94b000-7f043cb4a000 ---p 00017000 08:02 133176                     /usr/lib/jvm/java-8-oracle/jre/lib/amd64/libnet.so
7f043cb4a000-7f043cb4b000 rw-p 00016000 08:02 133176                     /usr/lib/jvm/java-8-oracle/jre/lib/amd64/libnet.so
7f043cb4b000-7f043cb5c000 r-xp 00000000 08:02 133258                     /usr/lib/jvm/java-8-oracle/jre/lib/amd64/libnio.so
7f043cb5c000-7f043cd5b000 ---p 00011000 08:02 133258                     /usr/lib/jvm/java-8-oracle/jre/lib/amd64/libnio.so
7f043cd5b000-7f043cd5c000 rw-p 00010000 08:02 133258                     /usr/lib/jvm/java-8-oracle/jre/lib/amd64/libnio.so
7f043cd5c000-7f043cd72000 r-xp 00000000 08:02 3281429                    /lib/x86_64-linux-gnu/libgcc_s.so.1
7f043cd72000-7f043cf71000 ---p 00016000 08:02 3281429                    /lib/x86_64-linux-gnu/libgcc_s.so.1
7f043cf71000-7f043cf72000 rw-p 00015000 08:02 3281429                    /lib/x86_64-linux-gnu/libgcc_s.so.1
7f043cf75000-7f043cf7c000 r--s 00000000 08:02 1974422                    /usr/lib/x86_64-linux-gnu/gconv/gconv-modules.cache
7f043cf7c000-7f043cf81000 r--s 0003e000 08:02 136183                     /usr/lib/jvm/java-8-oracle/jre/lib/ext/sunjce_provider.jar
7f043cf81000-7f043cf8b000 r--s 00116000 08:02 136182                     /usr/lib/jvm/java-8-oracle/jre/lib/ext/localedata.jar
7f043cf8b000-7f043cfbd000 r-xp 00000000 08:02 133092                     /usr/lib/jvm/java-8-oracle/jre/lib/amd64/libsunec.so
7f043cfbd000-7f043d1bc000 ---p 00032000 08:02 133092                     /usr/lib/jvm/java-8-oracle/jre/lib/amd64/libsunec.so
7f043d1bc000-7f043d1c2000 rw-p 00031000 08:02 133092                     /usr/lib/jvm/java-8-oracle/jre/lib/amd64/libsunec.so
7f043d1c2000-7f043d3d2000 rw-p 00000000 00:00 0 
7f043d3d2000-7f043d3d4000 r--s 00009000 08:02 136173                     /usr/lib/jvm/java-8-oracle/jre/lib/ext/sunec.jar
7f043d3d4000-7f043d3d7000 r--s 0001a000 08:02 136098                     /usr/lib/jvm/java-8-oracle/jre/lib/jce.jar
7f043d3d7000-7f043d3dc000 r--s 0009a000 08:02 136092                     /usr/lib/jvm/java-8-oracle/jre/lib/jsse.jar
7f043d3dc000-7f043d3de000 r--s 00008000 08:02 5131314                    /home/sirius/.m2/repository/org/web3j/parity/3.2.0/parity-3.2.0.jar
7f043d3de000-7f043d3f7000 r--s 000fe000 08:02 4719053                    /home/sirius/.m2/repository/io/reactivex/rxjava/1.2.4/rxjava-1.2.4.jar
7f043d3f7000-7f043d3f9000 r--s 00001000 08:02 3409815                    /home/sirius/.m2/repository/com/squareup/okhttp3/logging-interceptor/3.8.1/logging-interceptor-3.8.1.jar
7f043d3f9000-7f043d3fa000 r--s 00013000 08:02 5003237                    /home/sirius/.m2/repository/com/squareup/okio/okio/1.13.0/okio-1.13.0.jar
7f043d3fa000-7f043d400000 r--s 0005c000 08:02 5003238                    /home/sirius/.m2/repository/com/squareup/okhttp3/okhttp/3.8.1/okhttp-3.8.1.jar
7f043d400000-7f043d405000 r--s 00033000 08:02 4719091                    /home/sirius/.m2/repository/com/github/jnr/jnr-posix/3.0.33/jnr-posix-3.0.33.jar
7f043d405000-7f043d406000 r--s 00006000 08:02 4719090                    /home/sirius/.m2/repository/com/github/jnr/jnr-enxio/0.14/jnr-enxio-0.14.jar
7f043d406000-7f043d40c000 r--s 0004f000 08:02 4719089                    /home/sirius/.m2/repository/com/github/jnr/jnr-constants/0.9.6/jnr-constants-0.9.6.jar
7f043d40c000-7f043d40f000 r--s 00033000 08:02 4719087                    /home/sirius/.m2/repository/com/github/jnr/jnr-x86asm/1.0.2/jnr-x86asm-1.0.2.jar
7f043d40f000-7f043d410000 r--s 0000a000 08:02 4719084                    /home/sirius/.m2/repository/org/ow2/asm/asm-util/5.0.3/asm-util-5.0.3.jar
7f043d410000-7f043d412000 r--s 00006000 08:02 4719080                    /home/sirius/.m2/repository/org/ow2/asm/asm-tree/5.0.3/asm-tree-5.0.3.jar
7f043d412000-7f043d413000 r--s 00004000 08:02 4719081                    /home/sirius/.m2/repository/org/ow2/asm/asm-analysis/5.0.3/asm-analysis-5.0.3.jar
7f043d413000-7f043d415000 r--s 00009000 08:02 4719079                    /home/sirius/.m2/repository/org/ow2/asm/asm-commons/5.0.3/asm-commons-5.0.3.jar
7f043d415000-7f043d416000 r--s 0000c000 08:02 4719075                    /home/sirius/.m2/repository/org/ow2/asm/asm/5.0.3/asm-5.0.3.jar
7f043d416000-7f043d418000 r--s 0009a000 08:02 4719073                    /home/sirius/.m2/repository/com/github/jnr/jffi/1.2.14/jffi-1.2.14-native.jar
7f043d418000-7f043d41c000 r--s 00021000 08:02 4719071                    /home/sirius/.m2/repository/com/github/jnr/jffi/1.2.14/jffi-1.2.14.jar
7f043d41c000-7f043d42c000 r--s 00096000 08:02 4719070                    /home/sirius/.m2/repository/com/github/jnr/jnr-ffi/2.1.2/jnr-ffi-2.1.2.jar
7f043d42c000-7f043d42d000 r--s 0000a000 08:02 4719067                    /home/sirius/.m2/repository/com/github/jnr/jnr-unixsocket/0.15/jnr-unixsocket-0.15.jar
7f043d42d000-7f043d42e000 r--s 00009000 08:02 5130533                    /home/sirius/.m2/repository/org/web3j/tuples/3.2.0/tuples-3.2.0.jar
7f043d42e000-7f043d433000 r--s 00018000 08:02 5130534                    /home/sirius/.m2/repository/org/web3j/abi/3.2.0/abi-3.2.0.jar
7f043d433000-7f043d43b000 r--s 00032000 08:02 5519566                    /home/sirius/.m2/repository/org/web3j/core/3.2.0/core-3.2.0.jar
7f043d43b000-7f043d43f000 r--s 0065a000 08:02 3814018                    /home/sirius/.m2/repository/org/xerial/sqlite-jdbc/3.21.0.1/sqlite-jdbc-3.21.0.1.jar
7f043d43f000-7f043d441000 r--s 00011000 08:02 3426671                    /home/sirius/.m2/repository/org/hamcrest/hamcrest-core/1.1/hamcrest-core-1.1.jar
7f043d441000-7f043d448000 r--s 00037000 08:02 4850050                    /home/sirius/.m2/repository/junit/junit/4.10/junit-4.10.jar
7f043d448000-7f043d449000 r--s 00005000 08:02 4209008                    /home/sirius/.m2/repository/com/googlecode/json-simple/json-simple/1.1.1/json-simple-1.1.1.jar
7f043d449000-7f043d44b000 r--s 00009000 08:02 149437                     /home/sirius/.m2/repository/com/google/zxing/javase/3.3.1/javase-3.3.1.jar
7f043d44b000-7f043d44d000 r--s 00009000 08:02 3409820                    /home/sirius/.m2/repository/org/slf4j/slf4j-api/1.7.25/slf4j-api-1.7.25.jar
7f043d44d000-7f043d495000 r--s 002d9000 08:02 4719066                    /home/sirius/.m2/repository/org/bouncycastle/bcprov-jdk15on/1.54/bcprov-jdk15on-1.54.jar
7f043d495000-7f043d496000 r--s 00002000 08:02 5130538                    /home/sirius/.m2/repository/org/web3j/utils/3.2.0/utils-3.2.0.jar
7f043d496000-7f043d497000 r--s 00000000 08:02 5130535                    /home/sirius/.m2/repository/org/web3j/rlp/3.2.0/rlp-3.2.0.jar
7f043d497000-7f043d499000 r--s 00007000 08:02 5130536                    /home/sirius/.m2/repository/org/web3j/crypto/3.2.0/crypto-3.2.0.jar
7f043d499000-7f043d49d000 r--s 0002f000 08:02 4084122                    /home/sirius/.m2/repository/commons-io/commons-io/2.5/commons-io-2.5.jar
7f043d49d000-7f043d49f000 r--s 00009000 08:02 5003693                    /home/sirius/.m2/repository/org/apache/httpcomponents/httpmime/4.5.3/httpmime-4.5.3.jar
7f043d49f000-7f043d4a6000 r--s 0003a000 08:02 4719063                    /home/sirius/.m2/repository/commons-codec/commons-codec/1.9/commons-codec-1.9.jar
7f043d4a6000-7f043d6a6000 rw-p 00000000 00:00 0 
7f043d6a6000-7f043d6ae000 r--s 00048000 08:02 5006252                    /home/sirius/.m2/repository/org/apache/httpcomponents/httpcore/4.4.6/httpcore-4.4.6.jar
7f043d6ae000-7f043d6af000 ---p 00000000 00:00 0 
7f043d6af000-7f043d7af000 rw-p 00000000 00:00 0 
7f043d7af000-7f043d7b2000 ---p 00000000 00:00 0 
7f043d7b2000-7f043d8b0000 rw-p 00000000 00:00 0 
7f043d8b0000-7f043d8b3000 ---p 00000000 00:00 0 
7f043d8b3000-7f043d9b1000 rw-p 00000000 00:00 0 
7f043d9b1000-7f043d9b4000 ---p 00000000 00:00 0 
7f043d9b4000-7f043dab2000 rw-p 00000000 00:00 0 
7f043dab2000-7f043dab5000 ---p 00000000 00:00 0 
7f043dab5000-7f043dbb3000 rw-p 00000000 00:00 0 
7f043dbb3000-7f043dbb6000 ---p 00000000 00:00 0 
7f043dbb6000-7f043dcb4000 rw-p 00000000 00:00 0 
7f043dcb4000-7f043e0be000 r--p 00000000 08:02 1704853                    /usr/lib/locale/locale-archive
7f043e0be000-7f043e0c1000 ---p 00000000 00:00 0 
7f043e0c1000-7f043e1bf000 rw-p 00000000 00:00 0 
7f043e1bf000-7f043e1c2000 ---p 00000000 00:00 0 
7f043e1c2000-7f0441000000 rw-p 00000000 00:00 0 
7f0441000000-7f0441570000 rwxp 00000000 00:00 0 
7f0441570000-7f0450000000 ---p 00000000 00:00 0 
7f0450000000-7f04507eb000 rw-p 00000000 00:00 0 
7f04507eb000-7f0454000000 ---p 00000000 00:00 0 
7f0454000000-7f0454002000 r--s 0000e000 08:02 4719061                    /home/sirius/.m2/repository/commons-logging/commons-logging/1.2/commons-logging-1.2.jar
7f0454002000-7f045400f000 r--s 000aa000 08:02 4861221                    /home/sirius/.m2/repository/org/apache/httpcomponents/httpclient/4.5.3/httpclient-4.5.3.jar
7f045400f000-7f0454011000 r--s 0000c000 08:02 4084121                    /home/sirius/.m2/repository/org/json/json/20160810/json-20160810.jar
7f0454011000-7f0454015000 r--s 0000c000 08:02 5003692                    /home/sirius/.m2/repository/javax/validation/validation-api/1.1.0.Final/validation-api-1.1.0.Final.jar
7f0454015000-7f045401f000 r--s 000ae000 08:02 5003694                    /home/sirius/.m2/repository/org/javassist/javassist/3.20.0-GA/javassist-3.20.0-GA.jar
7f045401f000-7f0454022000 r--s 0002b000 08:02 5003686                    /home/sirius/.m2/repository/org/glassfish/hk2/hk2-locator/2.5.0-b32/hk2-locator-2.5.0-b32.jar
7f0454022000-7f0454024000 r--s 00002000 08:02 5003687                    /home/sirius/.m2/repository/org/glassfish/hk2/external/aopalliance-repackaged/2.5.0-b32/aopalliance-repackaged-2.5.0-b32.jar
7f0454024000-7f0454027000 r--s 0001e000 08:02 5003685                    /home/sirius/.m2/repository/org/glassfish/hk2/hk2-utils/2.5.0-b32/hk2-utils-2.5.0-b32.jar
7f0454027000-7f045402d000 r--s 00028000 08:02 5003681                    /home/sirius/.m2/repository/org/glassfish/hk2/hk2-api/2.5.0-b32/hk2-api-2.5.0-b32.jar
7f045402d000-7f045402f000 r--s 00005000 08:02 5003680                    /home/sirius/.m2/repository/javax/annotation/javax.annotation-api/1.2/javax.annotation-api-1.2.jar
7f045402f000-7f0454031000 r--s 00010000 08:02 4209066                    /home/sirius/.m2/repository/org/glassfish/jersey/media/jersey-media-jaxb/2.25.1/jersey-media-jaxb-2.25.1.jar
7f0454031000-7f0454035000 r--s 00026000 08:02 5003678                    /home/sirius/.m2/repository/org/glassfish/jersey/core/jersey-client/2.25.1/jersey-client-2.25.1.jar
7f0454035000-7f045404a000 r--s 000d1000 08:02 5003677                    /home/sirius/.m2/repository/org/glassfish/jersey/core/jersey-server/2.25.1/jersey-server-2.25.1.jar
7f045404a000-7f045404e000 r--s 00019000 08:02 5003673                    /home/sirius/.m2/repository/javax/ws/rs/javax.ws.rs-api/2.0.1/javax.ws.rs-api-2.0.1.jar
7f045404e000-7f045405f000 r--s 000cc000 08:02 5003671                    /home/sirius/.m2/repository/org/glassfish/grizzly/grizzly-framework/2.3.28/grizzly-framework-2.3.28.jar
7f045405f000-7f0454064000 r--s 0004e000 08:02 5003670                    /home/sirius/.m2/repository/org/glassfish/grizzly/grizzly-http/2.3.28/grizzly-http-2.3.28.jar
7f0454064000-7f045406a000 r--s 00041000 08:02 5003669                    /home/sirius/.m2/repository/org/glassfish/grizzly/grizzly-http-server/2.3.28/grizzly-http-server-2.3.28.jar
7f045406a000-7f045406b000 r--s 00001000 08:02 5003665                    /home/sirius/.m2/repository/org/glassfish/hk2/external/javax.inject/2.5.0-b32/javax.inject-2.5.0-b32.jar
7f045406b000-7f0454083000 r--s 000d6000 08:02 5003660                    /home/sirius/.m2/repository/org/glassfish/jersey/bundles/repackaged/jersey-guava/2.25.1/jersey-guava-2.25.1.jar
7f0454083000-7f0454091000 r--s 000a1000 08:02 5003657                    /home/sirius/.m2/repository/org/glassfish/jersey/core/jersey-common/2.25.1/jersey-common-2.25.1.jar
7f0454091000-7f04540a3000 r--s 0011d000 08:02 5006257                    /home/sirius/.m2/repository/com/fasterxml/jackson/core/jackson-databind/2.8.7/jackson-databind-2.8.7.jar
7f04540a3000-7f04540cf000 r--s 00208000 08:02 4861639                    /home/sirius/.m2/repository/com/google/guava/guava/19.0/guava-19.0.jar
7f04540cf000-7f04540d0000 ---p 00000000 00:00 0 
7f04540d0000-7f04551b2000 rw-p 00000000 00:00 0 
7f04551b2000-7f045538b000 r--s 03d5a000 08:02 136087                     /usr/lib/jvm/java-8-oracle/jre/lib/rt.jar
7f045538b000-7f0455ed5000 rw-p 00000000 00:00 0 
7f0455ed5000-7f0455ed6000 ---p 00000000 00:00 0 
7f0455ed6000-7f0455fd6000 rw-p 00000000 00:00 0 
7f0455fd6000-7f0455fd7000 ---p 00000000 00:00 0 
7f0455fd7000-7f04560d7000 rw-p 00000000 00:00 0 
7f04560d7000-7f04560d8000 ---p 00000000 00:00 0 
7f04560d8000-7f04561d8000 rw-p 00000000 00:00 0 
7f04561d8000-7f04561d9000 ---p 00000000 00:00 0 
7f04561d9000-7f04562f8000 rw-p 00000000 00:00 0 
7f04562f8000-7f04564bc000 ---p 00000000 00:00 0 
7f04564bc000-7f04564db000 rw-p 00000000 00:00 0 
7f04564db000-7f045669e000 ---p 00000000 00:00 0 
7f045669e000-7f04566ba000 rw-p 00000000 00:00 0 
7f04566ba000-7f0456790000 ---p 00000000 00:00 0 
7f0456790000-7f04567a7000 rw-p 00000000 00:00 0 
7f04567a7000-7f0456b51000 ---p 00000000 00:00 0 
7f0456b51000-7f0456b6c000 r-xp 00000000 08:02 133138                     /usr/lib/jvm/java-8-oracle/jre/lib/amd64/libzip.so
7f0456b6c000-7f0456d6c000 ---p 0001b000 08:02 133138                     /usr/lib/jvm/java-8-oracle/jre/lib/amd64/libzip.so
7f0456d6c000-7f0456d6d000 rw-p 0001b000 08:02 133138                     /usr/lib/jvm/java-8-oracle/jre/lib/amd64/libzip.so
7f0456d6d000-7f0456d78000 r-xp 00000000 08:02 3281882                    /lib/x86_64-linux-gnu/libnss_files-2.23.so
7f0456d78000-7f0456f77000 ---p 0000b000 08:02 3281882                    /lib/x86_64-linux-gnu/libnss_files-2.23.so
7f0456f77000-7f0456f78000 r--p 0000a000 08:02 3281882                    /lib/x86_64-linux-gnu/libnss_files-2.23.so
7f0456f78000-7f0456f79000 rw-p 0000b000 08:02 3281882                    /lib/x86_64-linux-gnu/libnss_files-2.23.so
7f0456f79000-7f0456f7f000 rw-p 00000000 00:00 0 
7f0456f7f000-7f0456f8a000 r-xp 00000000 08:02 3281947                    /lib/x86_64-linux-gnu/libnss_nis-2.23.so
7f0456f8a000-7f0457189000 ---p 0000b000 08:02 3281947                    /lib/x86_64-linux-gnu/libnss_nis-2.23.so
7f0457189000-7f045718a000 r--p 0000a000 08:02 3281947                    /lib/x86_64-linux-gnu/libnss_nis-2.23.so
7f045718a000-7f045718b000 rw-p 0000b000 08:02 3281947                    /lib/x86_64-linux-gnu/libnss_nis-2.23.so
7f045718b000-7f04571a1000 r-xp 00000000 08:02 3281346                    /lib/x86_64-linux-gnu/libnsl-2.23.so
7f04571a1000-7f04573a0000 ---p 00016000 08:02 3281346                    /lib/x86_64-linux-gnu/libnsl-2.23.so
7f04573a0000-7f04573a1000 r--p 00015000 08:02 3281346                    /lib/x86_64-linux-gnu/libnsl-2.23.so
7f04573a1000-7f04573a2000 rw-p 00016000 08:02 3281346                    /lib/x86_64-linux-gnu/libnsl-2.23.so
7f04573a2000-7f04573a4000 rw-p 00000000 00:00 0 
7f04573a4000-7f04573ac000 r-xp 00000000 08:02 3282152                    /lib/x86_64-linux-gnu/libnss_compat-2.23.so
7f04573ac000-7f04575ab000 ---p 00008000 08:02 3282152                    /lib/x86_64-linux-gnu/libnss_compat-2.23.so
7f04575ab000-7f04575ac000 r--p 00007000 08:02 3282152                    /lib/x86_64-linux-gnu/libnss_compat-2.23.so
7f04575ac000-7f04575ad000 rw-p 00008000 08:02 3282152                    /lib/x86_64-linux-gnu/libnss_compat-2.23.so
7f04575ad000-7f04575d8000 r-xp 00000000 08:02 133131                     /usr/lib/jvm/java-8-oracle/jre/lib/amd64/libjava.so
7f04575d8000-7f04577d7000 ---p 0002b000 08:02 133131                     /usr/lib/jvm/java-8-oracle/jre/lib/amd64/libjava.so
7f04577d7000-7f04577d9000 rw-p 0002a000 08:02 133131                     /usr/lib/jvm/java-8-oracle/jre/lib/amd64/libjava.so
7f04577d9000-7f04577e6000 r-xp 00000000 08:02 133137                     /usr/lib/jvm/java-8-oracle/jre/lib/amd64/libverify.so
7f04577e6000-7f04579e6000 ---p 0000d000 08:02 133137                     /usr/lib/jvm/java-8-oracle/jre/lib/amd64/libverify.so
7f04579e6000-7f04579e8000 rw-p 0000d000 08:02 133137                     /usr/lib/jvm/java-8-oracle/jre/lib/amd64/libverify.so
7f04579e8000-7f04579ef000 r-xp 00000000 08:02 3281977                    /lib/x86_64-linux-gnu/librt-2.23.so
7f04579ef000-7f0457bee000 ---p 00007000 08:02 3281977                    /lib/x86_64-linux-gnu/librt-2.23.so
7f0457bee000-7f0457bef000 r--p 00006000 08:02 3281977                    /lib/x86_64-linux-gnu/librt-2.23.so
7f0457bef000-7f0457bf0000 rw-p 00007000 08:02 3281977                    /lib/x86_64-linux-gnu/librt-2.23.so
7f0457bf0000-7f0457cf8000 r-xp 00000000 08:02 3282275                    /lib/x86_64-linux-gnu/libm-2.23.so
7f0457cf8000-7f0457ef7000 ---p 00108000 08:02 3282275                    /lib/x86_64-linux-gnu/libm-2.23.so
7f0457ef7000-7f0457ef8000 r--p 00107000 08:02 3282275                    /lib/x86_64-linux-gnu/libm-2.23.so
7f0457ef8000-7f0457ef9000 rw-p 00108000 08:02 3282275                    /lib/x86_64-linux-gnu/libm-2.23.so
7f0457ef9000-7f0458bcc000 r-xp 00000000 08:02 136063                     /usr/lib/jvm/java-8-oracle/jre/lib/amd64/server/libjvm.so
7f0458bcc000-7f0458dcb000 ---p 00cd3000 08:02 136063                     /usr/lib/jvm/java-8-oracle/jre/lib/amd64/server/libjvm.so
7f0458dcb000-7f0458ea5000 rw-p 00cd2000 08:02 136063                     /usr/lib/jvm/java-8-oracle/jre/lib/amd64/server/libjvm.so
7f0458ea5000-7f0458ef0000 rw-p 00000000 00:00 0 
7f0458ef0000-7f04590b0000 r-xp 00000000 08:02 3282437                    /lib/x86_64-linux-gnu/libc-2.23.so
7f04590b0000-7f04592b0000 ---p 001c0000 08:02 3282437                    /lib/x86_64-linux-gnu/libc-2.23.so
7f04592b0000-7f04592b4000 r--p 001c0000 08:02 3282437                    /lib/x86_64-linux-gnu/libc-2.23.so
7f04592b4000-7f04592b6000 rw-p 001c4000 08:02 3282437                    /lib/x86_64-linux-gnu/libc-2.23.so
7f04592b6000-7f04592ba000 rw-p 00000000 00:00 0 
7f04592ba000-7f04592bd000 r-xp 00000000 08:02 3282093                    /lib/x86_64-linux-gnu/libdl-2.23.so
7f04592bd000-7f04594bc000 ---p 00003000 08:02 3282093                    /lib/x86_64-linux-gnu/libdl-2.23.so
7f04594bc000-7f04594bd000 r--p 00002000 08:02 3282093                    /lib/x86_64-linux-gnu/libdl-2.23.so
7f04594bd000-7f04594be000 rw-p 00003000 08:02 3282093                    /lib/x86_64-linux-gnu/libdl-2.23.so
7f04594be000-7f04594d4000 r-xp 00000000 08:02 3686812                    /usr/lib/jvm/java-8-oracle/lib/amd64/jli/libjli.so
7f04594d4000-7f04596d3000 ---p 00016000 08:02 3686812                    /usr/lib/jvm/java-8-oracle/lib/amd64/jli/libjli.so
7f04596d3000-7f04596d4000 rw-p 00015000 08:02 3686812                    /usr/lib/jvm/java-8-oracle/lib/amd64/jli/libjli.so
7f04596d4000-7f04596ec000 r-xp 00000000 08:02 3281913                    /lib/x86_64-linux-gnu/libpthread-2.23.so
7f04596ec000-7f04598eb000 ---p 00018000 08:02 3281913                    /lib/x86_64-linux-gnu/libpthread-2.23.so
7f04598eb000-7f04598ec000 r--p 00017000 08:02 3281913                    /lib/x86_64-linux-gnu/libpthread-2.23.so
7f04598ec000-7f04598ed000 rw-p 00018000 08:02 3281913                    /lib/x86_64-linux-gnu/libpthread-2.23.so
7f04598ed000-7f04598f1000 rw-p 00000000 00:00 0 
7f04598f1000-7f0459917000 r-xp 00000000 08:02 3281787                    /lib/x86_64-linux-gnu/ld-2.23.so
7f0459917000-7f0459919000 r--s 00005000 08:02 5003663                    /home/sirius/.m2/repository/org/glassfish/jersey/containers/jersey-container-grizzly2-http/2.25.1/jersey-container-grizzly2-http-2.25.1.jar
7f0459919000-7f045991c000 r--s 0000f000 08:02 5003661                    /home/sirius/.m2/repository/org/glassfish/jersey/ext/jersey-entity-filtering/2.25.1/jersey-entity-filtering-2.25.1.jar
7f045991c000-7f045991d000 r--s 00004000 08:02 5003659                    /home/sirius/.m2/repository/org/glassfish/hk2/osgi-resource-locator/1.0.1/osgi-resource-locator-1.0.1.jar
7f045991d000-7f045991f000 r--s 00004000 08:02 4084119                    /home/sirius/.m2/repository/org/glassfish/jersey/media/jersey-media-json-jackson/2.25.1/jersey-media-json-jackson-2.25.1.jar
7f045991f000-7f0459921000 r--s 00007000 08:02 5003656                    /home/sirius/.m2/repository/com/fasterxml/jackson/module/jackson-module-jaxb-annotations/2.8.7/jackson-module-jaxb-annotations-2.8.7.jar
7f0459921000-7f0459924000 r--s 00042000 08:02 5006253                    /home/sirius/.m2/repository/com/fasterxml/jackson/core/jackson-core/2.8.7/jackson-core-2.8.7.jar
7f0459924000-7f0459927000 r--s 0000b000 08:02 4719051                    /home/sirius/.m2/repository/com/fasterxml/jackson/core/jackson-annotations/2.8.0/jackson-annotations-2.8.0.jar
7f0459927000-7f0459935000 r--s 00097000 08:02 4209064                    /home/sirius/.m2/repository/com/google/inject/guice/4.1.0/guice-4.1.0.jar
7f0459935000-7f04599f6000 rw-p 00000000 00:00 0 
7f04599f6000-7f04599f9000 ---p 00000000 00:00 0 
7f04599f9000-7f0459afb000 rw-p 00000000 00:00 0 
7f0459afb000-7f0459afc000 r--s 00007000 08:02 5003653                    /home/sirius/.m2/repository/com/fasterxml/jackson/jaxrs/jackson-jaxrs-base/2.8.7/jackson-jaxrs-base-2.8.7.jar
7f0459afc000-7f0459afd000 r--s 00003000 08:02 5003652                    /home/sirius/.m2/repository/com/fasterxml/jackson/jaxrs/jackson-jaxrs-json-provider/2.8.7/jackson-jaxrs-json-provider-2.8.7.jar
7f0459afd000-7f0459aff000 r--s 00000000 08:02 4084117                    /home/sirius/.m2/repository/aopalliance/aopalliance/1.0/aopalliance-1.0.jar
7f0459aff000-7f0459b00000 r--s 00000000 08:02 3958231                    /home/sirius/.m2/repository/javax/inject/javax.inject/1/javax.inject-1.jar
7f0459b00000-7f0459b08000 r--s 00048000 08:02 3429486                    /home/sirius/.m2/repository/org/telegram/telegrambots-meta/3.5/telegrambots-meta-3.5.jar
7f0459b08000-7f0459b0a000 r--s 00008000 08:02 3429484                    /home/sirius/.m2/repository/org/telegram/telegrambots/3.5/telegrambots-3.5.jar
7f0459b0a000-7f0459b12000 rw-s 00000000 08:02 5782005                    /tmp/hsperfdata_sirius/7092
7f0459b12000-7f0459b13000 rw-p 00000000 00:00 0 
7f0459b13000-7f0459b14000 ---p 00000000 00:00 0 
7f0459b14000-7f0459b16000 rw-p 00000000 00:00 0 
7f0459b16000-7f0459b17000 r--p 00025000 08:02 3281787                    /lib/x86_64-linux-gnu/ld-2.23.so
7f0459b17000-7f0459b18000 rw-p 00026000 08:02 3281787                    /lib/x86_64-linux-gnu/ld-2.23.so
7f0459b18000-7f0459b19000 rw-p 00000000 00:00 0 
7ffc49867000-7ffc4988a000 rw-p 00000000 00:00 0                          [stack]
7ffc4989b000-7ffc4989d000 r--p 00000000 00:00 0                          [vvar]
7ffc4989d000-7ffc4989f000 r-xp 00000000 00:00 0                          [vdso]
ffffffffff600000-ffffffffff601000 r-xp 00000000 00:00 0                  [vsyscall]

VM Arguments:
java_command: ru.fastsrv.wallettoken.WalletToken
java_class_path (initial): /home/sirius/NetBeansProjects/WalletToken/target/classes:/home/sirius/.m2/repository/org/telegram/telegrambots/3.5/telegrambots-3.5.jar:/home/sirius/.m2/repository/org/telegram/telegrambots-meta/3.5/telegrambots-meta-3.5.jar:/home/sirius/.m2/repository/com/google/inject/guice/4.1.0/guice-4.1.0.jar:/home/sirius/.m2/repository/javax/inject/javax.inject/1/javax.inject-1.jar:/home/sirius/.m2/repository/aopalliance/aopalliance/1.0/aopalliance-1.0.jar:/home/sirius/.m2/repository/com/google/guava/guava/19.0/guava-19.0.jar:/home/sirius/.m2/repository/com/fasterxml/jackson/core/jackson-annotations/2.8.0/jackson-annotations-2.8.0.jar:/home/sirius/.m2/repository/com/fasterxml/jackson/jaxrs/jackson-jaxrs-json-provider/2.8.7/jackson-jaxrs-json-provider-2.8.7.jar:/home/sirius/.m2/repository/com/fasterxml/jackson/jaxrs/jackson-jaxrs-base/2.8.7/jackson-jaxrs-base-2.8.7.jar:/home/sirius/.m2/repository/com/fasterxml/jackson/core/jackson-core/2.8.7/jackson-core-2.8.7.jar:/home/sirius/.m2/repository/com/fasterxml/jackson/module/jackson-module-jaxb-annotations/2.8.7/jackson-module-jaxb-annotations-2.8.7.jar:/home/sirius/.m2/repository/com/fasterxml/jackson/core/jackson-databind/2.8.7/jackson-databind-2.8.7.jar:/home/sirius/.m2/repository/org/glassfish/jersey/media/jersey-media-json-jackson/2.25.1/jersey-media-json-jackson-2.25.1.jar:/home/sirius/.m2/repository/org/glassfish/jersey/core/jersey-common/2.25.1/jersey-common-2.25.1.jar:/home/sirius/.m2/repository/org/glassfish/jersey/bundles/repackaged/jersey-guava/2.25.1/jersey-guava-2.25.1.jar:/home/sirius/.m2/repository/org/glassfish/hk2/osgi-resource-locator/1.0.1/osgi-resource-locator-1.0.1.jar:/home/sirius/.m2/repository/org/glassfish/jersey/ext/jersey-entity-filtering/2.25.1/jersey-entity-filtering-2.25.1.jar:/home/sirius/.m2/repository/org/glassfish/jersey/containers/jersey-container-grizzly2-http/2.25.1/jersey-container-grizzly2-http-2.25.1.jar:/home/sirius/.m2/repository/org/glassfish/hk2/external/javax
Launcher Type: SUN_STANDARD

Environment Variables:
JAVA_HOME=/usr/lib/jvm/java-8-oracle
PATH=/home/sirius/bin:/home/sirius/.local/bin:/usr/local/sbin:/usr/local/bin:/usr/sbin:/usr/bin:/sbin:/bin:/usr/games:/usr/local/games:/snap/bin:/usr/lib/jvm/java-8-oracle/bin:/usr/lib/jvm/java-8-oracle/db/bin:/usr/lib/jvm/java-8-oracle/jre/bin
LD_LIBRARY_PATH=/usr/lib/jvm/java-8-oracle/jre/lib/amd64:/usr/lib/jvm/java-8-oracle/jre/lib/i386:
SHELL=/bin/bash
DISPLAY=:0

Signal Handlers:
SIGSEGV: [libjvm.so+0xacbe10], sa_mask[0]=11111111011111111101111111111110, sa_flags=SA_RESTART|SA_SIGINFO
SIGBUS: [libjvm.so+0xacbe10], sa_mask[0]=11111111011111111101111111111110, sa_flags=SA_RESTART|SA_SIGINFO
SIGFPE: [libjvm.so+0x924f90], sa_mask[0]=11111111011111111101111111111110, sa_flags=SA_RESTART|SA_SIGINFO
SIGPIPE: [libjvm.so+0x924f90], sa_mask[0]=11111111011111111101111111111110, sa_flags=SA_RESTART|SA_SIGINFO
SIGXFSZ: [libjvm.so+0x924f90], sa_mask[0]=11111111011111111101111111111110, sa_flags=SA_RESTART|SA_SIGINFO
SIGILL: [libjvm.so+0x924f90], sa_mask[0]=11111111011111111101111111111110, sa_flags=SA_RESTART|SA_SIGINFO
SIGUSR1: SIG_DFL, sa_mask[0]=00000000000000000000000000000000, sa_flags=none
SIGUSR2: [libjvm.so+0x9267d0], sa_mask[0]=00100000000000000000000000000000, sa_flags=SA_RESTART|SA_SIGINFO
SIGHUP: [libjvm.so+0x927bd0], sa_mask[0]=11111111011111111101111111111110, sa_flags=SA_RESTART|SA_SIGINFO
SIGINT: SIG_IGN, sa_mask[0]=00000000000000000000000000000000, sa_flags=none
SIGTERM: [libjvm.so+0x927bd0], sa_mask[0]=11111111011111111101111111111110, sa_flags=SA_RESTART|SA_SIGINFO
SIGQUIT: [libjvm.so+0x927bd0], sa_mask[0]=11111111011111111101111111111110, sa_flags=SA_RESTART|SA_SIGINFO


---------------  S Y S T E M  ---------------

OS:DISTRIB_ID=Ubuntu
DISTRIB_RELEASE=16.04
DISTRIB_CODENAME=xenial
DISTRIB_DESCRIPTION="Ubuntu 16.04.3 LTS"

uname:Linux 4.4.0-104-generic #127-Ubuntu SMP Mon Dec 11 12:16:42 UTC 2017 x86_64
libc:glibc 2.23 NPTL 2.23 
rlimit: STACK 8192k, CORE 0k, NPROC 22295, NOFILE 1048576, AS infinity
load average:5,25 4,92 4,62

/proc/meminfo:
MemTotal:        5927888 kB
MemFree:           94640 kB
MemAvailable:       9024 kB
Buffers:             344 kB
Cached:           199088 kB
SwapCached:         1724 kB
Active:          4371536 kB
Inactive:        1105200 kB
Active(anon):    4353988 kB
Inactive(anon):  1087124 kB
Active(file):      17548 kB
Inactive(file):    18076 kB
Unevictable:         320 kB
Mlocked:             320 kB
SwapTotal:       6106108 kB
SwapFree:              0 kB
Dirty:                12 kB
Writeback:             0 kB
AnonPages:       5278044 kB
Mapped:            34572 kB
Shmem:            163052 kB
Slab:             113028 kB
SReclaimable:      45684 kB
SUnreclaim:        67344 kB
KernelStack:       24672 kB
PageTables:       129764 kB
NFS_Unstable:          0 kB
Bounce:                0 kB
WritebackTmp:          0 kB
CommitLimit:     9070052 kB
Committed_AS:   27670496 kB
VmallocTotal:   34359738367 kB
VmallocUsed:           0 kB
VmallocChunk:          0 kB
HardwareCorrupted:     0 kB
AnonHugePages:    415744 kB
CmaTotal:              0 kB
CmaFree:               0 kB
HugePages_Total:       0
HugePages_Free:        0
HugePages_Rsvd:        0
HugePages_Surp:        0
Hugepagesize:       2048 kB
DirectMap4k:      315444 kB
DirectMap2M:     5791744 kB


CPU:total 4 (initial active 4) (2 cores per cpu, 2 threads per core) family 6 model 42 stepping 7, cmov, cx8, fxsr, mmx, sse, sse2, sse3, ssse3, sse4.1, sse4.2, popcnt, avx, clmul, ht, tsc, tscinvbit

/proc/cpuinfo:
processor	: 0
vendor_id	: GenuineIntel
cpu family	: 6
model		: 42
model name	: Intel(R) Core(TM) i3-2367M CPU @ 1.40GHz
stepping	: 7
microcode	: 0x29
cpu MHz		: 1400.000
cache size	: 3072 KB
physical id	: 0
siblings	: 4
core id		: 0
cpu cores	: 2
apicid		: 0
initial apicid	: 0
fpu		: yes
fpu_exception	: yes
cpuid level	: 13
wp		: yes
flags		: fpu vme de pse tsc msr pae mce cx8 apic sep mtrr pge mca cmov pat pse36 clflush dts acpi mmx fxsr sse sse2 ss ht tm pbe syscall nx rdtscp lm constant_tsc arch_perfmon pebs bts rep_good nopl xtopology nonstop_tsc aperfmperf eagerfpu pni pclmulqdq dtes64 monitor ds_cpl vmx est tm2 ssse3 cx16 xtpr pdcm pcid sse4_1 sse4_2 x2apic popcnt tsc_deadline_timer xsave avx lahf_lm epb tpr_shadow vnmi flexpriority ept vpid xsaveopt dtherm arat pln pts
bugs		:
bogomips	: 2793.92
clflush size	: 64
cache_alignment	: 64
address sizes	: 36 bits physical, 48 bits virtual
power management:

processor	: 1
vendor_id	: GenuineIntel
cpu family	: 6
model		: 42
model name	: Intel(R) Core(TM) i3-2367M CPU @ 1.40GHz
stepping	: 7
microcode	: 0x29
cpu MHz		: 1399.945
cache size	: 3072 KB
physical id	: 0
siblings	: 4
core id		: 1
cpu cores	: 2
apicid		: 2
initial apicid	: 2
fpu		: yes
fpu_exception	: yes
cpuid level	: 13
wp		: yes
flags		: fpu vme de pse tsc msr pae mce cx8 apic sep mtrr pge mca cmov pat pse36 clflush dts acpi mmx fxsr sse sse2 ss ht tm pbe syscall nx rdtscp lm constant_tsc arch_perfmon pebs bts rep_good nopl xtopology nonstop_tsc aperfmperf eagerfpu pni pclmulqdq dtes64 monitor ds_cpl vmx est tm2 ssse3 cx16 xtpr pdcm pcid sse4_1 sse4_2 x2apic popcnt tsc_deadline_timer xsave avx lahf_lm epb tpr_shadow vnmi flexpriority ept vpid xsaveopt dtherm arat pln pts
bugs		:
bogomips	: 2793.92
clflush size	: 64
cache_alignment	: 64
address sizes	: 36 bits physical, 48 bits virtual
power management:

processor	: 2
vendor_id	: GenuineIntel
cpu family	: 6
model		: 42
model name	: Intel(R) Core(TM) i3-2367M CPU @ 1.40GHz
stepping	: 7
microcode	: 0x29
cpu MHz		: 1400.000
cache size	: 3072 KB
physical id	: 0
siblings	: 4
core id		: 0
cpu cores	: 2
apicid		: 1
initial apicid	: 1
fpu		: yes
fpu_exception	: yes
cpuid level	: 13
wp		: yes
flags		: fpu vme de pse tsc msr pae mce cx8 apic sep mtrr pge mca cmov pat pse36 clflush dts acpi mmx fxsr sse sse2 ss ht tm pbe syscall nx rdtscp lm constant_tsc arch_perfmon pebs bts rep_good nopl xtopology nonstop_tsc aperfmperf eagerfpu pni pclmulqdq dtes64 monitor ds_cpl vmx est tm2 ssse3 cx16 xtpr pdcm pcid sse4_1 sse4_2 x2apic popcnt tsc_deadline_timer xsave avx lahf_lm epb tpr_shadow vnmi flexpriority ept vpid xsaveopt dtherm arat pln pts
bugs		:
bogomips	: 2793.92
clflush size	: 64
cache_alignment	: 64
address sizes	: 36 bits physical, 48 bits virtual
power management:

processor	: 3
vendor_id	: GenuineIntel
cpu family	: 6
model		: 42
model name	: Intel(R) Core(TM) i3-2367M CPU @ 1.40GHz
stepping	: 7
microcode	: 0x29
cpu MHz		: 1400.000
cache size	: 3072 KB
physical id	: 0
siblings	: 4
core id		: 1
cpu cores	: 2
apicid		: 3
initial apicid	: 3
fpu		: yes
fpu_exception	: yes
cpuid level	: 13
wp		: yes
flags		: fpu vme de pse tsc msr pae mce cx8 apic sep mtrr pge mca cmov pat pse36 clflush dts acpi mmx fxsr sse sse2 ss ht tm pbe syscall nx rdtscp lm constant_tsc arch_perfmon pebs bts rep_good nopl xtopology nonstop_tsc aperfmperf eagerfpu pni pclmulqdq dtes64 monitor ds_cpl vmx est tm2 ssse3 cx16 xtpr pdcm pcid sse4_1 sse4_2 x2apic popcnt tsc_deadline_timer xsave avx lahf_lm epb tpr_shadow vnmi flexpriority ept vpid xsaveopt dtherm arat pln pts
bugs		:
bogomips	: 2793.92
clflush size	: 64
cache_alignment	: 64
address sizes	: 36 bits physical, 48 bits virtual
power management:



Memory: 4k page, physical 5927888k(95980k free), swap 6106108k(0k free)

vm_info: Java HotSpot(TM) 64-Bit Server VM (25.151-b12) for linux-amd64 JRE (1.8.0_151-b12), built on Sep  5 2017 19:20:58 by "java_re" with gcc 4.3.0 20080428 (Red Hat 4.3.0-8)

time: Sat Jan 20 13:15:02 2018
elapsed time: 39 seconds (0d 0h 0m 39s)

