#
# There is insufficient memory for the Java Runtime Environment to continue.
# Native memory allocation (mmap) failed to map 64487424 bytes for committing reserved memory.
# Possible reasons:
#   The system is out of physical RAM or swap space
#   In 32 bit mode, the process size limit was hit
# Possible solutions:
#   Reduce memory load on the system
#   Increase physical memory or swap space
#   Check if swap backing store is full
#   Use 64 bit Java on a 64 bit OS
#   Decrease Java heap size (-Xmx/-Xms)
#   Decrease number of Java threads
#   Decrease Java thread stack sizes (-Xss)
#   Set larger code cache with -XX:ReservedCodeCacheSize=
# This output file may be truncated or incomplete.
#
#  Out of Memory Error (os_linux.cpp:2640), pid=6171, tid=0x00007f2e7142a700
#
# JRE version:  (8.0_151-b12) (build )
# Java VM: Java HotSpot(TM) 64-Bit Server VM (25.151-b12 mixed mode linux-amd64 compressed oops)
# Failed to write core dump. Core dumps have been disabled. To enable core dumping, try "ulimit -c unlimited" before starting Java again
#

---------------  T H R E A D  ---------------

Current thread (0x00007f2e6800f000):  JavaThread "Unknown thread" [_thread_in_vm, id=6172, stack(0x00007f2e7132a000,0x00007f2e7142b000)]

Stack: [0x00007f2e7132a000,0x00007f2e7142b000],  sp=0x00007f2e714293c0,  free space=1020k
Native frames: (J=compiled Java code, j=interpreted, Vv=VM code, C=native code)
V  [libjvm.so+0xacb58a]  VMError::report_and_die()+0x2ba
V  [libjvm.so+0x4ff4ab]  report_vm_out_of_memory(char const*, int, unsigned long, VMErrorType, char const*)+0x8b
V  [libjvm.so+0x928113]  os::Linux::commit_memory_impl(char*, unsigned long, bool)+0x103
V  [libjvm.so+0x928669]  os::pd_commit_memory(char*, unsigned long, unsigned long, bool)+0x29
V  [libjvm.so+0x92288a]  os::commit_memory(char*, unsigned long, unsigned long, bool)+0x2a
V  [libjvm.so+0x9973e3]  PSVirtualSpace::expand_by(unsigned long)+0x53
V  [libjvm.so+0x9874f7]  PSOldGen::initialize(ReservedSpace, unsigned long, char const*, int)+0xb7
V  [libjvm.so+0x2dac3a]  AdjoiningGenerations::AdjoiningGenerations(ReservedSpace, GenerationSizer*, unsigned long)+0x39a
V  [libjvm.so+0x94b796]  ParallelScavengeHeap::initialize()+0x1d6
V  [libjvm.so+0xa93603]  Universe::initialize_heap()+0xf3
V  [libjvm.so+0xa93b6e]  universe_init()+0x3e
V  [libjvm.so+0x640545]  init_globals()+0x65
V  [libjvm.so+0xa7725e]  Threads::create_vm(JavaVMInitArgs*, bool*)+0x23e
V  [libjvm.so+0x6d4e44]  JNI_CreateJavaVM+0x74
C  [libjli.so+0x797e]  JavaMain+0x9e
C  [libpthread.so.0+0x76ba]  start_thread+0xca


---------------  P R O C E S S  ---------------

Java Threads: ( => current thread )

Other Threads:

=>0x00007f2e6800f000 (exited) JavaThread "Unknown thread" [_thread_in_vm, id=6172, stack(0x00007f2e7132a000,0x00007f2e7142b000)]

VM state:not at safepoint (not fully initialized)

VM Mutex/Monitor currently owned by a thread: None

GC Heap History (0 events):
No events

Deoptimization events (0 events):
No events

Internal exceptions (0 events):
No events

Events (0 events):
No events


Dynamic libraries:
00400000-00401000 r-xp 00000000 08:02 1981500                            /usr/lib/jvm/java-8-oracle/bin/java
00600000-00601000 rw-p 00000000 08:02 1981500                            /usr/lib/jvm/java-8-oracle/bin/java
00d70000-00d91000 rw-p 00000000 00:00 0                                  [heap]
a9580000-e1d80000 ---p 00000000 00:00 0 
e1d80000-e3c00000 rw-p 00000000 00:00 0 
e3c00000-100000000 ---p 00000000 00:00 0 
7f2e59000000-7f2e59270000 rwxp 00000000 00:00 0 
7f2e59270000-7f2e68000000 ---p 00000000 00:00 0 
7f2e68000000-7f2e6803d000 rw-p 00000000 00:00 0 
7f2e6803d000-7f2e6c000000 ---p 00000000 00:00 0 
7f2e6d321000-7f2e6d5a8000 rw-p 00000000 00:00 0 
7f2e6d5a8000-7f2e6d78a000 ---p 00000000 00:00 0 
7f2e6d78a000-7f2e6d79a000 rw-p 00000000 00:00 0 
7f2e6d79a000-7f2e6d87c000 ---p 00000000 00:00 0 
7f2e6d87c000-7f2e6d887000 rw-p 00000000 00:00 0 
7f2e6d887000-7f2e6dc3d000 ---p 00000000 00:00 0 
7f2e6dc3d000-7f2e6dc58000 r-xp 00000000 08:02 133138                     /usr/lib/jvm/java-8-oracle/jre/lib/amd64/libzip.so
7f2e6dc58000-7f2e6de58000 ---p 0001b000 08:02 133138                     /usr/lib/jvm/java-8-oracle/jre/lib/amd64/libzip.so
7f2e6de58000-7f2e6de59000 rw-p 0001b000 08:02 133138                     /usr/lib/jvm/java-8-oracle/jre/lib/amd64/libzip.so
7f2e6de59000-7f2e6de64000 r-xp 00000000 08:02 3281882                    /lib/x86_64-linux-gnu/libnss_files-2.23.so
7f2e6de64000-7f2e6e063000 ---p 0000b000 08:02 3281882                    /lib/x86_64-linux-gnu/libnss_files-2.23.so
7f2e6e063000-7f2e6e064000 r--p 0000a000 08:02 3281882                    /lib/x86_64-linux-gnu/libnss_files-2.23.so
7f2e6e064000-7f2e6e065000 rw-p 0000b000 08:02 3281882                    /lib/x86_64-linux-gnu/libnss_files-2.23.so
7f2e6e065000-7f2e6e06b000 rw-p 00000000 00:00 0 
7f2e6e06b000-7f2e6e076000 r-xp 00000000 08:02 3281947                    /lib/x86_64-linux-gnu/libnss_nis-2.23.so
7f2e6e076000-7f2e6e275000 ---p 0000b000 08:02 3281947                    /lib/x86_64-linux-gnu/libnss_nis-2.23.so
7f2e6e275000-7f2e6e276000 r--p 0000a000 08:02 3281947                    /lib/x86_64-linux-gnu/libnss_nis-2.23.so
7f2e6e276000-7f2e6e277000 rw-p 0000b000 08:02 3281947                    /lib/x86_64-linux-gnu/libnss_nis-2.23.so
7f2e6e277000-7f2e6e28d000 r-xp 00000000 08:02 3281346                    /lib/x86_64-linux-gnu/libnsl-2.23.so
7f2e6e28d000-7f2e6e48c000 ---p 00016000 08:02 3281346                    /lib/x86_64-linux-gnu/libnsl-2.23.so
7f2e6e48c000-7f2e6e48d000 r--p 00015000 08:02 3281346                    /lib/x86_64-linux-gnu/libnsl-2.23.so
7f2e6e48d000-7f2e6e48e000 rw-p 00016000 08:02 3281346                    /lib/x86_64-linux-gnu/libnsl-2.23.so
7f2e6e48e000-7f2e6e490000 rw-p 00000000 00:00 0 
7f2e6e490000-7f2e6e498000 r-xp 00000000 08:02 3282152                    /lib/x86_64-linux-gnu/libnss_compat-2.23.so
7f2e6e498000-7f2e6e697000 ---p 00008000 08:02 3282152                    /lib/x86_64-linux-gnu/libnss_compat-2.23.so
7f2e6e697000-7f2e6e698000 r--p 00007000 08:02 3282152                    /lib/x86_64-linux-gnu/libnss_compat-2.23.so
7f2e6e698000-7f2e6e699000 rw-p 00008000 08:02 3282152                    /lib/x86_64-linux-gnu/libnss_compat-2.23.so
7f2e6e699000-7f2e6eaa3000 r--p 00000000 08:02 1704853                    /usr/lib/locale/locale-archive
7f2e6eaa3000-7f2e6eaa5000 r-xp 00000000 08:02 133106                     /usr/lib/jvm/java-8-oracle/jre/lib/amd64/libnpt.so
7f2e6eaa5000-7f2e6eca5000 ---p 00002000 08:02 133106                     /usr/lib/jvm/java-8-oracle/jre/lib/amd64/libnpt.so
7f2e6eca5000-7f2e6eca6000 rw-p 00002000 08:02 133106                     /usr/lib/jvm/java-8-oracle/jre/lib/amd64/libnpt.so
7f2e6eca6000-7f2e6ecdf000 r-xp 00000000 08:02 133122                     /usr/lib/jvm/java-8-oracle/jre/lib/amd64/libjdwp.so
7f2e6ecdf000-7f2e6eedf000 ---p 00039000 08:02 133122                     /usr/lib/jvm/java-8-oracle/jre/lib/amd64/libjdwp.so
7f2e6eedf000-7f2e6eee0000 rw-p 00039000 08:02 133122                     /usr/lib/jvm/java-8-oracle/jre/lib/amd64/libjdwp.so
7f2e6eee0000-7f2e6eee1000 rw-p 00000000 00:00 0 
7f2e6eee1000-7f2e6ef0c000 r-xp 00000000 08:02 133131                     /usr/lib/jvm/java-8-oracle/jre/lib/amd64/libjava.so
7f2e6ef0c000-7f2e6f10b000 ---p 0002b000 08:02 133131                     /usr/lib/jvm/java-8-oracle/jre/lib/amd64/libjava.so
7f2e6f10b000-7f2e6f10d000 rw-p 0002a000 08:02 133131                     /usr/lib/jvm/java-8-oracle/jre/lib/amd64/libjava.so
7f2e6f10d000-7f2e6f11a000 r-xp 00000000 08:02 133137                     /usr/lib/jvm/java-8-oracle/jre/lib/amd64/libverify.so
7f2e6f11a000-7f2e6f31a000 ---p 0000d000 08:02 133137                     /usr/lib/jvm/java-8-oracle/jre/lib/amd64/libverify.so
7f2e6f31a000-7f2e6f31c000 rw-p 0000d000 08:02 133137                     /usr/lib/jvm/java-8-oracle/jre/lib/amd64/libverify.so
7f2e6f31c000-7f2e6f323000 r-xp 00000000 08:02 3281977                    /lib/x86_64-linux-gnu/librt-2.23.so
7f2e6f323000-7f2e6f522000 ---p 00007000 08:02 3281977                    /lib/x86_64-linux-gnu/librt-2.23.so
7f2e6f522000-7f2e6f523000 r--p 00006000 08:02 3281977                    /lib/x86_64-linux-gnu/librt-2.23.so
7f2e6f523000-7f2e6f524000 rw-p 00007000 08:02 3281977                    /lib/x86_64-linux-gnu/librt-2.23.so
7f2e6f524000-7f2e6f62c000 r-xp 00000000 08:02 3282275                    /lib/x86_64-linux-gnu/libm-2.23.so
7f2e6f62c000-7f2e6f82b000 ---p 00108000 08:02 3282275                    /lib/x86_64-linux-gnu/libm-2.23.so
7f2e6f82b000-7f2e6f82c000 r--p 00107000 08:02 3282275                    /lib/x86_64-linux-gnu/libm-2.23.so
7f2e6f82c000-7f2e6f82d000 rw-p 00108000 08:02 3282275                    /lib/x86_64-linux-gnu/libm-2.23.so
7f2e6f82d000-7f2e70500000 r-xp 00000000 08:02 136063                     /usr/lib/jvm/java-8-oracle/jre/lib/amd64/server/libjvm.so
7f2e70500000-7f2e706ff000 ---p 00cd3000 08:02 136063                     /usr/lib/jvm/java-8-oracle/jre/lib/amd64/server/libjvm.so
7f2e706ff000-7f2e707d9000 rw-p 00cd2000 08:02 136063                     /usr/lib/jvm/java-8-oracle/jre/lib/amd64/server/libjvm.so
7f2e707d9000-7f2e70824000 rw-p 00000000 00:00 0 
7f2e70824000-7f2e709e4000 r-xp 00000000 08:02 3282437                    /lib/x86_64-linux-gnu/libc-2.23.so
7f2e709e4000-7f2e70be4000 ---p 001c0000 08:02 3282437                    /lib/x86_64-linux-gnu/libc-2.23.so
7f2e70be4000-7f2e70be8000 r--p 001c0000 08:02 3282437                    /lib/x86_64-linux-gnu/libc-2.23.so
7f2e70be8000-7f2e70bea000 rw-p 001c4000 08:02 3282437                    /lib/x86_64-linux-gnu/libc-2.23.so
7f2e70bea000-7f2e70bee000 rw-p 00000000 00:00 0 
7f2e70bee000-7f2e70bf1000 r-xp 00000000 08:02 3282093                    /lib/x86_64-linux-gnu/libdl-2.23.so
7f2e70bf1000-7f2e70df0000 ---p 00003000 08:02 3282093                    /lib/x86_64-linux-gnu/libdl-2.23.so
7f2e70df0000-7f2e70df1000 r--p 00002000 08:02 3282093                    /lib/x86_64-linux-gnu/libdl-2.23.so
7f2e70df1000-7f2e70df2000 rw-p 00003000 08:02 3282093                    /lib/x86_64-linux-gnu/libdl-2.23.so
7f2e70df2000-7f2e70e08000 r-xp 00000000 08:02 3686812                    /usr/lib/jvm/java-8-oracle/lib/amd64/jli/libjli.so
7f2e70e08000-7f2e71007000 ---p 00016000 08:02 3686812                    /usr/lib/jvm/java-8-oracle/lib/amd64/jli/libjli.so
7f2e71007000-7f2e71008000 rw-p 00015000 08:02 3686812                    /usr/lib/jvm/java-8-oracle/lib/amd64/jli/libjli.so
7f2e71008000-7f2e71020000 r-xp 00000000 08:02 3281913                    /lib/x86_64-linux-gnu/libpthread-2.23.so
7f2e71020000-7f2e7121f000 ---p 00018000 08:02 3281913                    /lib/x86_64-linux-gnu/libpthread-2.23.so
7f2e7121f000-7f2e71220000 r--p 00017000 08:02 3281913                    /lib/x86_64-linux-gnu/libpthread-2.23.so
7f2e71220000-7f2e71221000 rw-p 00018000 08:02 3281913                    /lib/x86_64-linux-gnu/libpthread-2.23.so
7f2e71221000-7f2e71225000 rw-p 00000000 00:00 0 
7f2e71225000-7f2e7124b000 r-xp 00000000 08:02 3281787                    /lib/x86_64-linux-gnu/ld-2.23.so
7f2e712fb000-7f2e7132a000 r--p 00000000 08:02 2770832                    /usr/share/locale-langpack/ru/LC_MESSAGES/libc.mo
7f2e7132a000-7f2e7132d000 ---p 00000000 00:00 0 
7f2e7132d000-7f2e7142f000 rw-p 00000000 00:00 0 
7f2e71437000-7f2e7143e000 r--s 00000000 08:02 1974422                    /usr/lib/x86_64-linux-gnu/gconv/gconv-modules.cache
7f2e7143e000-7f2e71446000 rw-s 00000000 08:02 5782009                    /tmp/hsperfdata_sirius/6171
7f2e71446000-7f2e71447000 rw-p 00000000 00:00 0 
7f2e71447000-7f2e71448000 r--p 00000000 00:00 0 
7f2e71448000-7f2e7144a000 rw-p 00000000 00:00 0 
7f2e7144a000-7f2e7144b000 r--p 00025000 08:02 3281787                    /lib/x86_64-linux-gnu/ld-2.23.so
7f2e7144b000-7f2e7144c000 rw-p 00026000 08:02 3281787                    /lib/x86_64-linux-gnu/ld-2.23.so
7f2e7144c000-7f2e7144d000 rw-p 00000000 00:00 0 
7fff95b83000-7fff95ba6000 rw-p 00000000 00:00 0                          [stack]
7fff95bfa000-7fff95bfc000 r--p 00000000 00:00 0                          [vvar]
7fff95bfc000-7fff95bfe000 r-xp 00000000 00:00 0                          [vdso]
ffffffffff600000-ffffffffff601000 r-xp 00000000 00:00 0                  [vsyscall]

VM Arguments:
jvm_args: -Xdebug -Xrunjdwp:transport=dt_socket,server=n,address=33623 
java_command: ru.fastsrv.wallettoken.WalletToken
java_class_path (initial): /home/sirius/NetBeansProjects/WalletToken/target/classes:/home/sirius/.m2/repository/org/telegram/telegrambots/3.5/telegrambots-3.5.jar:/home/sirius/.m2/repository/org/telegram/telegrambots-meta/3.5/telegrambots-meta-3.5.jar:/home/sirius/.m2/repository/com/google/inject/guice/4.1.0/guice-4.1.0.jar:/home/sirius/.m2/repository/javax/inject/javax.inject/1/javax.inject-1.jar:/home/sirius/.m2/repository/aopalliance/aopalliance/1.0/aopalliance-1.0.jar:/home/sirius/.m2/repository/com/google/guava/guava/19.0/guava-19.0.jar:/home/sirius/.m2/repository/com/fasterxml/jackson/core/jackson-annotations/2.8.0/jackson-annotations-2.8.0.jar:/home/sirius/.m2/repository/com/fasterxml/jackson/jaxrs/jackson-jaxrs-json-provider/2.8.7/jackson-jaxrs-json-provider-2.8.7.jar:/home/sirius/.m2/repository/com/fasterxml/jackson/jaxrs/jackson-jaxrs-base/2.8.7/jackson-jaxrs-base-2.8.7.jar:/home/sirius/.m2/repository/com/fasterxml/jackson/core/jackson-core/2.8.7/jackson-core-2.8.7.jar:/home/sirius/.m2/repository/com/fasterxml/jackson/module/jackson-module-jaxb-annotations/2.8.7/jackson-module-jaxb-annotations-2.8.7.jar:/home/sirius/.m2/repository/com/fasterxml/jackson/core/jackson-databind/2.8.7/jackson-databind-2.8.7.jar:/home/sirius/.m2/repository/org/glassfish/jersey/media/jersey-media-json-jackson/2.25.1/jersey-media-json-jackson-2.25.1.jar:/home/sirius/.m2/repository/org/glassfish/jersey/core/jersey-common/2.25.1/jersey-common-2.25.1.jar:/home/sirius/.m2/repository/org/glassfish/jersey/bundles/repackaged/jersey-guava/2.25.1/jersey-guava-2.25.1.jar:/home/sirius/.m2/repository/org/glassfish/hk2/osgi-resource-locator/1.0.1/osgi-resource-locator-1.0.1.jar:/home/sirius/.m2/repository/org/glassfish/jersey/ext/jersey-entity-filtering/2.25.1/jersey-entity-filtering-2.25.1.jar:/home/sirius/.m2/repository/org/glassfish/jersey/containers/jersey-container-grizzly2-http/2.25.1/jersey-container-grizzly2-http-2.25.1.jar:/home/sirius/.m2/repository/org/glassfish/hk2/external/javax
Launcher Type: SUN_STANDARD

Environment Variables:
JAVA_HOME=/usr/lib/jvm/java-8-oracle
PATH=/home/sirius/bin:/home/sirius/.local/bin:/usr/local/sbin:/usr/local/bin:/usr/sbin:/usr/bin:/sbin:/bin:/usr/games:/usr/local/games:/snap/bin:/usr/lib/jvm/java-8-oracle/bin:/usr/lib/jvm/java-8-oracle/db/bin:/usr/lib/jvm/java-8-oracle/jre/bin
LD_LIBRARY_PATH=/usr/lib/jvm/java-8-oracle/jre/lib/amd64:/usr/lib/jvm/java-8-oracle/jre/lib/i386:
SHELL=/bin/bash
DISPLAY=:0

Signal Handlers:
SIGSEGV: [libjvm.so+0xacbe10], sa_mask[0]=11111111011111111101111111111110, sa_flags=SA_RESTART|SA_SIGINFO
SIGBUS: [libjvm.so+0xacbe10], sa_mask[0]=11111111011111111101111111111110, sa_flags=SA_RESTART|SA_SIGINFO
SIGFPE: [libjvm.so+0x924f90], sa_mask[0]=11111111011111111101111111111110, sa_flags=SA_RESTART|SA_SIGINFO
SIGPIPE: [libjvm.so+0x924f90], sa_mask[0]=11111111011111111101111111111110, sa_flags=SA_RESTART|SA_SIGINFO
SIGXFSZ: [libjvm.so+0x924f90], sa_mask[0]=11111111011111111101111111111110, sa_flags=SA_RESTART|SA_SIGINFO
SIGILL: [libjvm.so+0x924f90], sa_mask[0]=11111111011111111101111111111110, sa_flags=SA_RESTART|SA_SIGINFO
SIGUSR1: SIG_DFL, sa_mask[0]=00000000000000000000000000000000, sa_flags=none
SIGUSR2: [libjvm.so+0x9267d0], sa_mask[0]=00100000000000000000000000000000, sa_flags=SA_RESTART|SA_SIGINFO
SIGHUP: SIG_DFL, sa_mask[0]=00000000000000000000000000000000, sa_flags=none
SIGINT: SIG_IGN, sa_mask[0]=00000000000000000000000000000000, sa_flags=none
SIGTERM: SIG_DFL, sa_mask[0]=00000000000000000000000000000000, sa_flags=none
SIGQUIT: SIG_DFL, sa_mask[0]=00000000000000000000000000000000, sa_flags=none


---------------  S Y S T E M  ---------------

OS:DISTRIB_ID=Ubuntu
DISTRIB_RELEASE=16.04
DISTRIB_CODENAME=xenial
DISTRIB_DESCRIPTION="Ubuntu 16.04.3 LTS"

uname:Linux 4.4.0-104-generic #127-Ubuntu SMP Mon Dec 11 12:16:42 UTC 2017 x86_64
libc:glibc 2.23 NPTL 2.23 
rlimit: STACK 8192k, CORE 0k, NPROC 22295, NOFILE 1048576, AS infinity
load average:11,09 5,45 4,47

/proc/meminfo:
MemTotal:        5927888 kB
MemFree:           95184 kB
MemAvailable:       3392 kB
Buffers:             256 kB
Cached:           192224 kB
SwapCached:          460 kB
Active:          4478592 kB
Inactive:         996368 kB
Active(anon):    4466764 kB
Inactive(anon):   984872 kB
Active(file):      11828 kB
Inactive(file):    11496 kB
Unevictable:         320 kB
Mlocked:             320 kB
SwapTotal:       6106108 kB
SwapFree:              0 kB
Dirty:                 0 kB
Writeback:             0 kB
AnonPages:       5283724 kB
Mapped:            25112 kB
Shmem:            167624 kB
Slab:             112728 kB
SReclaimable:      45628 kB
SUnreclaim:        67100 kB
KernelStack:       25152 kB
PageTables:       130656 kB
NFS_Unstable:          0 kB
Bounce:                0 kB
WritebackTmp:          0 kB
CommitLimit:     9070052 kB
Committed_AS:   27969428 kB
VmallocTotal:   34359738367 kB
VmallocUsed:           0 kB
VmallocChunk:          0 kB
HardwareCorrupted:     0 kB
AnonHugePages:    423936 kB
CmaTotal:              0 kB
CmaFree:               0 kB
HugePages_Total:       0
HugePages_Free:        0
HugePages_Rsvd:        0
HugePages_Surp:        0
Hugepagesize:       2048 kB
DirectMap4k:      315444 kB
DirectMap2M:     5791744 kB


CPU:total 4 (initial active 4) (2 cores per cpu, 2 threads per core) family 6 model 42 stepping 7, cmov, cx8, fxsr, mmx, sse, sse2, sse3, ssse3, sse4.1, sse4.2, popcnt, avx, clmul, ht, tsc, tscinvbit

/proc/cpuinfo:
processor	: 0
vendor_id	: GenuineIntel
cpu family	: 6
model		: 42
model name	: Intel(R) Core(TM) i3-2367M CPU @ 1.40GHz
stepping	: 7
microcode	: 0x29
cpu MHz		: 1400.000
cache size	: 3072 KB
physical id	: 0
siblings	: 4
core id		: 0
cpu cores	: 2
apicid		: 0
initial apicid	: 0
fpu		: yes
fpu_exception	: yes
cpuid level	: 13
wp		: yes
flags		: fpu vme de pse tsc msr pae mce cx8 apic sep mtrr pge mca cmov pat pse36 clflush dts acpi mmx fxsr sse sse2 ss ht tm pbe syscall nx rdtscp lm constant_tsc arch_perfmon pebs bts rep_good nopl xtopology nonstop_tsc aperfmperf eagerfpu pni pclmulqdq dtes64 monitor ds_cpl vmx est tm2 ssse3 cx16 xtpr pdcm pcid sse4_1 sse4_2 x2apic popcnt tsc_deadline_timer xsave avx lahf_lm epb tpr_shadow vnmi flexpriority ept vpid xsaveopt dtherm arat pln pts
bugs		:
bogomips	: 2793.92
clflush size	: 64
cache_alignment	: 64
address sizes	: 36 bits physical, 48 bits virtual
power management:

processor	: 1
vendor_id	: GenuineIntel
cpu family	: 6
model		: 42
model name	: Intel(R) Core(TM) i3-2367M CPU @ 1.40GHz
stepping	: 7
microcode	: 0x29
cpu MHz		: 1399.945
cache size	: 3072 KB
physical id	: 0
siblings	: 4
core id		: 1
cpu cores	: 2
apicid		: 2
initial apicid	: 2
fpu		: yes
fpu_exception	: yes
cpuid level	: 13
wp		: yes
flags		: fpu vme de pse tsc msr pae mce cx8 apic sep mtrr pge mca cmov pat pse36 clflush dts acpi mmx fxsr sse sse2 ss ht tm pbe syscall nx rdtscp lm constant_tsc arch_perfmon pebs bts rep_good nopl xtopology nonstop_tsc aperfmperf eagerfpu pni pclmulqdq dtes64 monitor ds_cpl vmx est tm2 ssse3 cx16 xtpr pdcm pcid sse4_1 sse4_2 x2apic popcnt tsc_deadline_timer xsave avx lahf_lm epb tpr_shadow vnmi flexpriority ept vpid xsaveopt dtherm arat pln pts
bugs		:
bogomips	: 2793.92
clflush size	: 64
cache_alignment	: 64
address sizes	: 36 bits physical, 48 bits virtual
power management:

processor	: 2
vendor_id	: GenuineIntel
cpu family	: 6
model		: 42
model name	: Intel(R) Core(TM) i3-2367M CPU @ 1.40GHz
stepping	: 7
microcode	: 0x29
cpu MHz		: 1400.000
cache size	: 3072 KB
physical id	: 0
siblings	: 4
core id		: 0
cpu cores	: 2
apicid		: 1
initial apicid	: 1
fpu		: yes
fpu_exception	: yes
cpuid level	: 13
wp		: yes
flags		: fpu vme de pse tsc msr pae mce cx8 apic sep mtrr pge mca cmov pat pse36 clflush dts acpi mmx fxsr sse sse2 ss ht tm pbe syscall nx rdtscp lm constant_tsc arch_perfmon pebs bts rep_good nopl xtopology nonstop_tsc aperfmperf eagerfpu pni pclmulqdq dtes64 monitor ds_cpl vmx est tm2 ssse3 cx16 xtpr pdcm pcid sse4_1 sse4_2 x2apic popcnt tsc_deadline_timer xsave avx lahf_lm epb tpr_shadow vnmi flexpriority ept vpid xsaveopt dtherm arat pln pts
bugs		:
bogomips	: 2793.92
clflush size	: 64
cache_alignment	: 64
address sizes	: 36 bits physical, 48 bits virtual
power management:

processor	: 3
vendor_id	: GenuineIntel
cpu family	: 6
model		: 42
model name	: Intel(R) Core(TM) i3-2367M CPU @ 1.40GHz
stepping	: 7
microcode	: 0x29
cpu MHz		: 1400.000
cache size	: 3072 KB
physical id	: 0
siblings	: 4
core id		: 1
cpu cores	: 2
apicid		: 3
initial apicid	: 3
fpu		: yes
fpu_exception	: yes
cpuid level	: 13
wp		: yes
flags		: fpu vme de pse tsc msr pae mce cx8 apic sep mtrr pge mca cmov pat pse36 clflush dts acpi mmx fxsr sse sse2 ss ht tm pbe syscall nx rdtscp lm constant_tsc arch_perfmon pebs bts rep_good nopl xtopology nonstop_tsc aperfmperf eagerfpu pni pclmulqdq dtes64 monitor ds_cpl vmx est tm2 ssse3 cx16 xtpr pdcm pcid sse4_1 sse4_2 x2apic popcnt tsc_deadline_timer xsave avx lahf_lm epb tpr_shadow vnmi flexpriority ept vpid xsaveopt dtherm arat pln pts
bugs		:
bogomips	: 2793.92
clflush size	: 64
cache_alignment	: 64
address sizes	: 36 bits physical, 48 bits virtual
power management:



Memory: 4k page, physical 5927888k(94772k free), swap 6106108k(0k free)

vm_info: Java HotSpot(TM) 64-Bit Server VM (25.151-b12) for linux-amd64 JRE (1.8.0_151-b12), built on Sep  5 2017 19:20:58 by "java_re" with gcc 4.3.0 20080428 (Red Hat 4.3.0-8)

time: Sat Jan 20 12:56:36 2018
elapsed time: 3 seconds (0d 0h 0m 3s)

